


ARM Macro Assembler    Page 1 


    1 00000000         ;******************** (C) COPYRIGHT 2011 STMicroelectron
                       ics ********************
    2 00000000         ;* File Name          : startup_stm32f10x_hd_vl.s
    3 00000000         ;* Author             : MCD Application Team
    4 00000000         ;* Version            : V3.5.1
    5 00000000         ;* Date               : 08-September-2021
    6 00000000         ;* Description        : STM32F10x High Density Value Lin
                       e Devices vector table  
    7 00000000         ;*                      for MDK-ARM toolchain.  
    8 00000000         ;*                      This module performs:
    9 00000000         ;*                      - Set the initial SP
   10 00000000         ;*                      - Set the initial PC == Reset_Ha
                       ndler
   11 00000000         ;*                      - Set the vector table entries w
                       ith the exceptions ISR address
   12 00000000         ;*                      - Configure the clock system and
                        also configure the external 
   13 00000000         ;*                        SRAM mounted on STM32100E-EVAL
                        board to be used as data 
   14 00000000         ;*                        memory (optional, to be enable
                       d by user)
   15 00000000         ;*                      - Branches to __main in the C li
                       brary (which eventually
   16 00000000         ;*                        calls main()).
   17 00000000         ;*                      After Reset the CortexM3 process
                       or is in Thread mode,
   18 00000000         ;*                      priority is Privileged, and the 
                       Stack is set to Main.
   19 00000000         ;* <<< Use Configuration Wizard in Context Menu >>>   
   20 00000000         ;*******************************************************
                       ************************
   21 00000000         ;*
   22 00000000         ;* Copyright (c) 2011 STMicroelectronics.
   23 00000000         ;* All rights reserved.
   24 00000000         ;*
   25 00000000         ;* This software is licensed under terms that can be fou
                       nd in the LICENSE file
   26 00000000         ;* in the root directory of this software component.
   27 00000000         ;* If no LICENSE file comes with this software, it is pr
                       ovided AS-IS.
   28 00000000         ;
   29 00000000         ;*******************************************************
                       ************************
   30 00000000         
   31 00000000         ; Amount of memory (in bytes) allocated for Stack
   32 00000000         ; Tailor this value to your application needs
   33 00000000         ; <h> Stack Configuration
   34 00000000         ;   <o> Stack Size (in Bytes) <0x0-0xFFFFFFFF:8>
   35 00000000         ; </h>
   36 00000000         
   37 00000000 00000400 
                       Stack_Size
                               EQU              0x00000400
   38 00000000         
   39 00000000                 AREA             STACK, NOINIT, READWRITE, ALIGN
=3
   40 00000000         Stack_Mem
                               SPACE            Stack_Size
   41 00000400         __initial_sp



ARM Macro Assembler    Page 2 


   42 00000400         
   43 00000400         
   44 00000400         ; <h> Heap Configuration
   45 00000400         ;   <o>  Heap Size (in Bytes) <0x0-0xFFFFFFFF:8>
   46 00000400         ; </h>
   47 00000400         
   48 00000400 00000200 
                       Heap_Size
                               EQU              0x00000200
   49 00000400         
   50 00000400                 AREA             HEAP, NOINIT, READWRITE, ALIGN=
3
   51 00000000         __heap_base
   52 00000000         Heap_Mem
                               SPACE            Heap_Size
   53 00000200         __heap_limit
   54 00000200         
   55 00000200                 PRESERVE8
   56 00000200                 THUMB
   57 00000200         
   58 00000200         
   59 00000200         ; Vector Table Mapped to Address 0 at Reset
   60 00000200                 AREA             RESET, DATA, READONLY
   61 00000000                 EXPORT           __Vectors
   62 00000000                 EXPORT           __Vectors_End
   63 00000000                 EXPORT           __Vectors_Size
   64 00000000         
   65 00000000 00000000 
                       __Vectors
                               DCD              __initial_sp ; Top of Stack
   66 00000004 00000000        DCD              Reset_Handler ; Reset Handler
   67 00000008 00000000        DCD              NMI_Handler ; NMI Handler
   68 0000000C 00000000        DCD              HardFault_Handler ; Hard Fault 
                                                            Handler
   69 00000010 00000000        DCD              MemManage_Handler 
                                                            ; MPU Fault Handler
                                                            
   70 00000014 00000000        DCD              BusFault_Handler 
                                                            ; Bus Fault Handler
                                                            
   71 00000018 00000000        DCD              UsageFault_Handler ; Usage Faul
                                                            t Handler
   72 0000001C 00000000        DCD              0           ; Reserved
   73 00000020 00000000        DCD              0           ; Reserved
   74 00000024 00000000        DCD              0           ; Reserved
   75 00000028 00000000        DCD              0           ; Reserved
   76 0000002C 00000000        DCD              SVC_Handler ; SVCall Handler
   77 00000030 00000000        DCD              DebugMon_Handler ; Debug Monito
                                                            r Handler
   78 00000034 00000000        DCD              0           ; Reserved
   79 00000038 00000000        DCD              PendSV_Handler ; PendSV Handler
                                                            
   80 0000003C 00000000        DCD              SysTick_Handler 
                                                            ; SysTick Handler
   81 00000040         
   82 00000040         ; External Interrupts
   83 00000040 00000000        DCD              WWDG_IRQHandler 
                                                            ; Window Watchdog
   84 00000044 00000000        DCD              PVD_IRQHandler ; PVD through EX



ARM Macro Assembler    Page 3 


                                                            TI Line detect
   85 00000048 00000000        DCD              TAMPER_IRQHandler ; Tamper
   86 0000004C 00000000        DCD              RTC_IRQHandler ; RTC
   87 00000050 00000000        DCD              FLASH_IRQHandler ; Flash
   88 00000054 00000000        DCD              RCC_IRQHandler ; RCC
   89 00000058 00000000        DCD              EXTI0_IRQHandler ; EXTI Line 0
   90 0000005C 00000000        DCD              EXTI1_IRQHandler ; EXTI Line 1
   91 00000060 00000000        DCD              EXTI2_IRQHandler ; EXTI Line 2
   92 00000064 00000000        DCD              EXTI3_IRQHandler ; EXTI Line 3
   93 00000068 00000000        DCD              EXTI4_IRQHandler ; EXTI Line 4
   94 0000006C 00000000        DCD              DMA1_Channel1_IRQHandler 
                                                            ; DMA1 Channel 1
   95 00000070 00000000        DCD              DMA1_Channel2_IRQHandler 
                                                            ; DMA1 Channel 2
   96 00000074 00000000        DCD              DMA1_Channel3_IRQHandler 
                                                            ; DMA1 Channel 3
   97 00000078 00000000        DCD              DMA1_Channel4_IRQHandler 
                                                            ; DMA1 Channel 4
   98 0000007C 00000000        DCD              DMA1_Channel5_IRQHandler 
                                                            ; DMA1 Channel 5
   99 00000080 00000000        DCD              DMA1_Channel6_IRQHandler 
                                                            ; DMA1 Channel 6
  100 00000084 00000000        DCD              DMA1_Channel7_IRQHandler 
                                                            ; DMA1 Channel 7
  101 00000088 00000000        DCD              ADC1_IRQHandler ; ADC1
  102 0000008C 00000000        DCD              0           ; Reserved
  103 00000090 00000000        DCD              0           ; Reserved
  104 00000094 00000000        DCD              0           ; Reserved
  105 00000098 00000000        DCD              0           ; Reserved
  106 0000009C 00000000        DCD              EXTI9_5_IRQHandler 
                                                            ; EXTI Line 9..5
  107 000000A0 00000000        DCD              TIM1_BRK_TIM15_IRQHandler ; TIM
                                                            1 Break and TIM15
  108 000000A4 00000000        DCD              TIM1_UP_TIM16_IRQHandler ; TIM1
                                                             Update and TIM16
  109 000000A8 00000000        DCD              TIM1_TRG_COM_TIM17_IRQHandler ;
                                                             TIM1 Trigger and C
                                                            ommutation and TIM1
                                                            7
  110 000000AC 00000000        DCD              TIM1_CC_IRQHandler ; TIM1 Captu
                                                            re Compare
  111 000000B0 00000000        DCD              TIM2_IRQHandler ; TIM2
  112 000000B4 00000000        DCD              TIM3_IRQHandler ; TIM3
  113 000000B8 00000000        DCD              TIM4_IRQHandler ; TIM4
  114 000000BC 00000000        DCD              I2C1_EV_IRQHandler ; I2C1 Event
                                                            
  115 000000C0 00000000        DCD              I2C1_ER_IRQHandler ; I2C1 Error
                                                            
  116 000000C4 00000000        DCD              I2C2_EV_IRQHandler ; I2C2 Event
                                                            
  117 000000C8 00000000        DCD              I2C2_ER_IRQHandler ; I2C2 Error
                                                            
  118 000000CC 00000000        DCD              SPI1_IRQHandler ; SPI1
  119 000000D0 00000000        DCD              SPI2_IRQHandler ; SPI2
  120 000000D4 00000000        DCD              USART1_IRQHandler ; USART1
  121 000000D8 00000000        DCD              USART2_IRQHandler ; USART2
  122 000000DC 00000000        DCD              USART3_IRQHandler ; USART3
  123 000000E0 00000000        DCD              EXTI15_10_IRQHandler 
                                                            ; EXTI Line 15..10



ARM Macro Assembler    Page 4 


  124 000000E4 00000000        DCD              RTCAlarm_IRQHandler ; RTC Alarm
                                                             through EXTI Line
  125 000000E8 00000000        DCD              CEC_IRQHandler ; HDMI-CEC
  126 000000EC 00000000        DCD              TIM12_IRQHandler ; TIM12
  127 000000F0 00000000        DCD              TIM13_IRQHandler ; TIM13 
  128 000000F4 00000000        DCD              TIM14_IRQHandler ; TIM14
  129 000000F8 00000000        DCD              0           ; Reserved
  130 000000FC 00000000        DCD              0           ; Reserved
  131 00000100 00000000        DCD              0           ; Reserved
  132 00000104 00000000        DCD              0           ; Reserved
  133 00000108 00000000        DCD              TIM5_IRQHandler ; TIM5
  134 0000010C 00000000        DCD              SPI3_IRQHandler ; SPI3
  135 00000110 00000000        DCD              UART4_IRQHandler ; UART4
  136 00000114 00000000        DCD              UART5_IRQHandler ; UART5
  137 00000118 00000000        DCD              TIM6_DAC_IRQHandler ; TIM6 and 
                                                            DAC underrun
  138 0000011C 00000000        DCD              TIM7_IRQHandler ; TIM7
  139 00000120 00000000        DCD              DMA2_Channel1_IRQHandler 
                                                            ; DMA2 Channel1
  140 00000124 00000000        DCD              DMA2_Channel2_IRQHandler 
                                                            ; DMA2 Channel2
  141 00000128 00000000        DCD              DMA2_Channel3_IRQHandler 
                                                            ; DMA2 Channel3
  142 0000012C 00000000        DCD              DMA2_Channel4_5_IRQHandler ; DM
                                                            A2 Channel4 & Chann
                                                            el5
  143 00000130 00000000        DCD              DMA2_Channel5_IRQHandler ; DMA2
                                                             Channel5          
                                                                  
  144 00000134         __Vectors_End
  145 00000134         
  146 00000134 00000134 
                       __Vectors_Size
                               EQU              __Vectors_End - __Vectors
  147 00000134         
  148 00000134                 AREA             |.text|, CODE, READONLY
  149 00000000         
  150 00000000         ; Reset handler
  151 00000000         Reset_Handler
                               PROC
  152 00000000                 EXPORT           Reset_Handler             [WEAK
]
  153 00000000                 IMPORT           __main
  154 00000000                 IMPORT           SystemInit
  155 00000000 4809            LDR              R0, =SystemInit
  156 00000002 4780            BLX              R0
  157 00000004 4809            LDR              R0, =__main
  158 00000006 4700            BX               R0
  159 00000008                 ENDP
  160 00000008         
  161 00000008         ; Dummy Exception Handlers (infinite loops which can be 
                       modified)
  162 00000008         
  163 00000008         NMI_Handler
                               PROC
  164 00000008                 EXPORT           NMI_Handler                    
  [WEAK]
  165 00000008 E7FE            B                .
  166 0000000A                 ENDP



ARM Macro Assembler    Page 5 


  168 0000000A         HardFault_Handler
                               PROC
  169 0000000A                 EXPORT           HardFault_Handler              
  [WEAK]
  170 0000000A E7FE            B                .
  171 0000000C                 ENDP
  173 0000000C         MemManage_Handler
                               PROC
  174 0000000C                 EXPORT           MemManage_Handler              
  [WEAK]
  175 0000000C E7FE            B                .
  176 0000000E                 ENDP
  178 0000000E         BusFault_Handler
                               PROC
  179 0000000E                 EXPORT           BusFault_Handler               
  [WEAK]
  180 0000000E E7FE            B                .
  181 00000010                 ENDP
  183 00000010         UsageFault_Handler
                               PROC
  184 00000010                 EXPORT           UsageFault_Handler             
  [WEAK]
  185 00000010 E7FE            B                .
  186 00000012                 ENDP
  187 00000012         SVC_Handler
                               PROC
  188 00000012                 EXPORT           SVC_Handler                    
  [WEAK]
  189 00000012 E7FE            B                .
  190 00000014                 ENDP
  192 00000014         DebugMon_Handler
                               PROC
  193 00000014                 EXPORT           DebugMon_Handler               
  [WEAK]
  194 00000014 E7FE            B                .
  195 00000016                 ENDP
  196 00000016         PendSV_Handler
                               PROC
  197 00000016                 EXPORT           PendSV_Handler                 
  [WEAK]
  198 00000016 E7FE            B                .
  199 00000018                 ENDP
  200 00000018         SysTick_Handler
                               PROC
  201 00000018                 EXPORT           SysTick_Handler                
  [WEAK]
  202 00000018 E7FE            B                .
  203 0000001A                 ENDP
  204 0000001A         
  205 0000001A         Default_Handler
                               PROC
  206 0000001A         
  207 0000001A                 EXPORT           WWDG_IRQHandler                
  [WEAK]
  208 0000001A                 EXPORT           PVD_IRQHandler                 
  [WEAK]
  209 0000001A                 EXPORT           TAMPER_IRQHandler              
  [WEAK]
  210 0000001A                 EXPORT           RTC_IRQHandler                 



ARM Macro Assembler    Page 6 


  [WEAK]
  211 0000001A                 EXPORT           FLASH_IRQHandler               
  [WEAK]
  212 0000001A                 EXPORT           RCC_IRQHandler                 
  [WEAK]
  213 0000001A                 EXPORT           EXTI0_IRQHandler               
  [WEAK]
  214 0000001A                 EXPORT           EXTI1_IRQHandler               
  [WEAK]
  215 0000001A                 EXPORT           EXTI2_IRQHandler               
  [WEAK]
  216 0000001A                 EXPORT           EXTI3_IRQHandler               
  [WEAK]
  217 0000001A                 EXPORT           EXTI4_IRQHandler               
  [WEAK]
  218 0000001A                 EXPORT           DMA1_Channel1_IRQHandler       
  [WEAK]
  219 0000001A                 EXPORT           DMA1_Channel2_IRQHandler       
  [WEAK]
  220 0000001A                 EXPORT           DMA1_Channel3_IRQHandler       
  [WEAK]
  221 0000001A                 EXPORT           DMA1_Channel4_IRQHandler       
  [WEAK]
  222 0000001A                 EXPORT           DMA1_Channel5_IRQHandler       
  [WEAK]
  223 0000001A                 EXPORT           DMA1_Channel6_IRQHandler       
  [WEAK]
  224 0000001A                 EXPORT           DMA1_Channel7_IRQHandler       
  [WEAK]
  225 0000001A                 EXPORT           ADC1_IRQHandler                
  [WEAK]
  226 0000001A                 EXPORT           EXTI9_5_IRQHandler             
  [WEAK]
  227 0000001A                 EXPORT           TIM1_BRK_TIM15_IRQHandler      
  [WEAK]
  228 0000001A                 EXPORT           TIM1_UP_TIM16_IRQHandler       
  [WEAK]
  229 0000001A                 EXPORT           TIM1_TRG_COM_TIM17_IRQHandler  
  [WEAK]
  230 0000001A                 EXPORT           TIM1_CC_IRQHandler             
  [WEAK]
  231 0000001A                 EXPORT           TIM2_IRQHandler                
  [WEAK]
  232 0000001A                 EXPORT           TIM3_IRQHandler                
  [WEAK]
  233 0000001A                 EXPORT           TIM4_IRQHandler                
  [WEAK]
  234 0000001A                 EXPORT           I2C1_EV_IRQHandler             
  [WEAK]
  235 0000001A                 EXPORT           I2C1_ER_IRQHandler             
  [WEAK]
  236 0000001A                 EXPORT           I2C2_EV_IRQHandler             
  [WEAK]
  237 0000001A                 EXPORT           I2C2_ER_IRQHandler             
  [WEAK]
  238 0000001A                 EXPORT           SPI1_IRQHandler                
  [WEAK]
  239 0000001A                 EXPORT           SPI2_IRQHandler                
  [WEAK]



ARM Macro Assembler    Page 7 


  240 0000001A                 EXPORT           USART1_IRQHandler              
  [WEAK]
  241 0000001A                 EXPORT           USART2_IRQHandler              
  [WEAK]
  242 0000001A                 EXPORT           USART3_IRQHandler              
  [WEAK]
  243 0000001A                 EXPORT           EXTI15_10_IRQHandler           
  [WEAK]
  244 0000001A                 EXPORT           RTCAlarm_IRQHandler            
  [WEAK]
  245 0000001A                 EXPORT           CEC_IRQHandler                 
  [WEAK]
  246 0000001A                 EXPORT           TIM12_IRQHandler               
  [WEAK]
  247 0000001A                 EXPORT           TIM13_IRQHandler               
  [WEAK]
  248 0000001A                 EXPORT           TIM14_IRQHandler               
  [WEAK]
  249 0000001A                 EXPORT           TIM5_IRQHandler                
  [WEAK]
  250 0000001A                 EXPORT           SPI3_IRQHandler                
  [WEAK]
  251 0000001A                 EXPORT           UART4_IRQHandler               
  [WEAK]
  252 0000001A                 EXPORT           UART5_IRQHandler               
  [WEAK]
  253 0000001A                 EXPORT           TIM6_DAC_IRQHandler            
  [WEAK]
  254 0000001A                 EXPORT           TIM7_IRQHandler                
  [WEAK]
  255 0000001A                 EXPORT           DMA2_Channel1_IRQHandler       
  [WEAK]
  256 0000001A                 EXPORT           DMA2_Channel2_IRQHandler       
  [WEAK]
  257 0000001A                 EXPORT           DMA2_Channel3_IRQHandler       
  [WEAK]
  258 0000001A                 EXPORT           DMA2_Channel4_5_IRQHandler     
  [WEAK]
  259 0000001A                 EXPORT           DMA2_Channel5_IRQHandler       
  [WEAK]
  260 0000001A         
  261 0000001A         WWDG_IRQHandler
  262 0000001A         PVD_IRQHandler
  263 0000001A         TAMPER_IRQHandler
  264 0000001A         RTC_IRQHandler
  265 0000001A         FLASH_IRQHandler
  266 0000001A         RCC_IRQHandler
  267 0000001A         EXTI0_IRQHandler
  268 0000001A         EXTI1_IRQHandler
  269 0000001A         EXTI2_IRQHandler
  270 0000001A         EXTI3_IRQHandler
  271 0000001A         EXTI4_IRQHandler
  272 0000001A         DMA1_Channel1_IRQHandler
  273 0000001A         DMA1_Channel2_IRQHandler
  274 0000001A         DMA1_Channel3_IRQHandler
  275 0000001A         DMA1_Channel4_IRQHandler
  276 0000001A         DMA1_Channel5_IRQHandler
  277 0000001A         DMA1_Channel6_IRQHandler
  278 0000001A         DMA1_Channel7_IRQHandler



ARM Macro Assembler    Page 8 


  279 0000001A         ADC1_IRQHandler
  280 0000001A         EXTI9_5_IRQHandler
  281 0000001A         TIM1_BRK_TIM15_IRQHandler
  282 0000001A         TIM1_UP_TIM16_IRQHandler
  283 0000001A         TIM1_TRG_COM_TIM17_IRQHandler
  284 0000001A         TIM1_CC_IRQHandler
  285 0000001A         TIM2_IRQHandler
  286 0000001A         TIM3_IRQHandler
  287 0000001A         TIM4_IRQHandler
  288 0000001A         I2C1_EV_IRQHandler
  289 0000001A         I2C1_ER_IRQHandler
  290 0000001A         I2C2_EV_IRQHandler
  291 0000001A         I2C2_ER_IRQHandler
  292 0000001A         SPI1_IRQHandler
  293 0000001A         SPI2_IRQHandler
  294 0000001A         USART1_IRQHandler
  295 0000001A         USART2_IRQHandler
  296 0000001A         USART3_IRQHandler
  297 0000001A         EXTI15_10_IRQHandler
  298 0000001A         RTCAlarm_IRQHandler
  299 0000001A         CEC_IRQHandler
  300 0000001A         TIM12_IRQHandler
  301 0000001A         TIM13_IRQHandler
  302 0000001A         TIM14_IRQHandler
  303 0000001A         TIM5_IRQHandler
  304 0000001A         SPI3_IRQHandler
  305 0000001A         UART4_IRQHandler
  306 0000001A         UART5_IRQHandler
  307 0000001A         TIM6_DAC_IRQHandler
  308 0000001A         TIM7_IRQHandler
  309 0000001A         DMA2_Channel1_IRQHandler
  310 0000001A         DMA2_Channel2_IRQHandler
  311 0000001A         DMA2_Channel3_IRQHandler
  312 0000001A         DMA2_Channel4_5_IRQHandler
  313 0000001A         DMA2_Channel5_IRQHandler
  314 0000001A E7FE            B                .
  315 0000001C         
  316 0000001C                 ENDP
  317 0000001C         
  318 0000001C                 ALIGN
  319 0000001C         
  320 0000001C         ;*******************************************************
                       ************************
  321 0000001C         ; User Stack and Heap initialization
  322 0000001C         ;*******************************************************
                       ************************
  323 0000001C                 IF               :DEF:__MICROLIB
  330 0000001C         
  331 0000001C                 IMPORT           __use_two_region_memory
  332 0000001C                 EXPORT           __user_initial_stackheap
  333 0000001C         
  334 0000001C         __user_initial_stackheap
  335 0000001C         
  336 0000001C 4804            LDR              R0, =  Heap_Mem
  337 0000001E 4905            LDR              R1, =(Stack_Mem + Stack_Size)
  338 00000020 4A05            LDR              R2, = (Heap_Mem +  Heap_Size)
  339 00000022 4B06            LDR              R3, = Stack_Mem
  340 00000024 4770            BX               LR
  341 00000026         



ARM Macro Assembler    Page 9 


  342 00000026 00 00           ALIGN
  343 00000028         
  344 00000028                 ENDIF
  345 00000028         
  346 00000028                 END
              00000000 
              00000000 
              00000000 
              00000400 
              00000200 
              00000000 
Command Line: --debug --xref --diag_suppress=9931 --cpu=Cortex-M3 --apcs=interw
ork --depend=.\objects\startup_stm32f10x_hd_vl.d -o.\objects\startup_stm32f10x_
hd_vl.o -ID:\Embeded\Project\02_timer\keil\USER\timer\RTE -ID:\Software\Keil_MD
K\ARM\PACK\Keil\STM32F1xx_DFP\2.4.0\Device\Include -ID:\Software\Keil_MDK\ARM\C
MSIS\Include --predefine="__UVISION_VERSION SETA 518" --predefine="STM32F10X_LD
 SETA 1" --list=.\listings\startup_stm32f10x_hd_vl.lst ..\..\FWLIB\startup_stm3
2f10x_hd_vl.s



ARM Macro Assembler    Page 1 Alphabetic symbol ordering
Relocatable symbols

STACK 00000000

Symbol: STACK
   Definitions
      At line 39 in file ..\..\FWLIB\startup_stm32f10x_hd_vl.s
   Uses
      None
Comment: STACK unused
Stack_Mem 00000000

Symbol: Stack_Mem
   Definitions
      At line 40 in file ..\..\FWLIB\startup_stm32f10x_hd_vl.s
   Uses
      At line 337 in file ..\..\FWLIB\startup_stm32f10x_hd_vl.s
      At line 339 in file ..\..\FWLIB\startup_stm32f10x_hd_vl.s

__initial_sp 00000400

Symbol: __initial_sp
   Definitions
      At line 41 in file ..\..\FWLIB\startup_stm32f10x_hd_vl.s
   Uses
      At line 65 in file ..\..\FWLIB\startup_stm32f10x_hd_vl.s
Comment: __initial_sp used once
3 symbols



ARM Macro Assembler    Page 1 Alphabetic symbol ordering
Relocatable symbols

HEAP 00000000

Symbol: HEAP
   Definitions
      At line 50 in file ..\..\FWLIB\startup_stm32f10x_hd_vl.s
   Uses
      None
Comment: HEAP unused
Heap_Mem 00000000

Symbol: Heap_Mem
   Definitions
      At line 52 in file ..\..\FWLIB\startup_stm32f10x_hd_vl.s
   Uses
      At line 336 in file ..\..\FWLIB\startup_stm32f10x_hd_vl.s
      At line 338 in file ..\..\FWLIB\startup_stm32f10x_hd_vl.s

__heap_base 00000000

Symbol: __heap_base
   Definitions
      At line 51 in file ..\..\FWLIB\startup_stm32f10x_hd_vl.s
   Uses
      None
Comment: __heap_base unused
__heap_limit 00000200

Symbol: __heap_limit
   Definitions
      At line 53 in file ..\..\FWLIB\startup_stm32f10x_hd_vl.s
   Uses
      None
Comment: __heap_limit unused
4 symbols



ARM Macro Assembler    Page 1 Alphabetic symbol ordering
Relocatable symbols

RESET 00000000

Symbol: RESET
   Definitions
      At line 60 in file ..\..\FWLIB\startup_stm32f10x_hd_vl.s
   Uses
      None
Comment: RESET unused
__Vectors 00000000

Symbol: __Vectors
   Definitions
      At line 65 in file ..\..\FWLIB\startup_stm32f10x_hd_vl.s
   Uses
      At line 61 in file ..\..\FWLIB\startup_stm32f10x_hd_vl.s
      At line 146 in file ..\..\FWLIB\startup_stm32f10x_hd_vl.s

__Vectors_End 00000134

Symbol: __Vectors_End
   Definitions
      At line 144 in file ..\..\FWLIB\startup_stm32f10x_hd_vl.s
   Uses
      At line 62 in file ..\..\FWLIB\startup_stm32f10x_hd_vl.s
      At line 146 in file ..\..\FWLIB\startup_stm32f10x_hd_vl.s

3 symbols



ARM Macro Assembler    Page 1 Alphabetic symbol ordering
Relocatable symbols

.text 00000000

Symbol: .text
   Definitions
      At line 148 in file ..\..\FWLIB\startup_stm32f10x_hd_vl.s
   Uses
      None
Comment: .text unused
ADC1_IRQHandler 0000001A

Symbol: ADC1_IRQHandler
   Definitions
      At line 279 in file ..\..\FWLIB\startup_stm32f10x_hd_vl.s
   Uses
      At line 101 in file ..\..\FWLIB\startup_stm32f10x_hd_vl.s
      At line 225 in file ..\..\FWLIB\startup_stm32f10x_hd_vl.s

BusFault_Handler 0000000E

Symbol: BusFault_Handler
   Definitions
      At line 178 in file ..\..\FWLIB\startup_stm32f10x_hd_vl.s
   Uses
      At line 70 in file ..\..\FWLIB\startup_stm32f10x_hd_vl.s
      At line 179 in file ..\..\FWLIB\startup_stm32f10x_hd_vl.s

CEC_IRQHandler 0000001A

Symbol: CEC_IRQHandler
   Definitions
      At line 299 in file ..\..\FWLIB\startup_stm32f10x_hd_vl.s
   Uses
      At line 125 in file ..\..\FWLIB\startup_stm32f10x_hd_vl.s
      At line 245 in file ..\..\FWLIB\startup_stm32f10x_hd_vl.s

DMA1_Channel1_IRQHandler 0000001A

Symbol: DMA1_Channel1_IRQHandler
   Definitions
      At line 272 in file ..\..\FWLIB\startup_stm32f10x_hd_vl.s
   Uses
      At line 94 in file ..\..\FWLIB\startup_stm32f10x_hd_vl.s
      At line 218 in file ..\..\FWLIB\startup_stm32f10x_hd_vl.s

DMA1_Channel2_IRQHandler 0000001A

Symbol: DMA1_Channel2_IRQHandler
   Definitions
      At line 273 in file ..\..\FWLIB\startup_stm32f10x_hd_vl.s
   Uses
      At line 95 in file ..\..\FWLIB\startup_stm32f10x_hd_vl.s
      At line 219 in file ..\..\FWLIB\startup_stm32f10x_hd_vl.s

DMA1_Channel3_IRQHandler 0000001A

Symbol: DMA1_Channel3_IRQHandler
   Definitions
      At line 274 in file ..\..\FWLIB\startup_stm32f10x_hd_vl.s
   Uses



ARM Macro Assembler    Page 2 Alphabetic symbol ordering
Relocatable symbols

      At line 96 in file ..\..\FWLIB\startup_stm32f10x_hd_vl.s
      At line 220 in file ..\..\FWLIB\startup_stm32f10x_hd_vl.s

DMA1_Channel4_IRQHandler 0000001A

Symbol: DMA1_Channel4_IRQHandler
   Definitions
      At line 275 in file ..\..\FWLIB\startup_stm32f10x_hd_vl.s
   Uses
      At line 97 in file ..\..\FWLIB\startup_stm32f10x_hd_vl.s
      At line 221 in file ..\..\FWLIB\startup_stm32f10x_hd_vl.s

DMA1_Channel5_IRQHandler 0000001A

Symbol: DMA1_Channel5_IRQHandler
   Definitions
      At line 276 in file ..\..\FWLIB\startup_stm32f10x_hd_vl.s
   Uses
      At line 98 in file ..\..\FWLIB\startup_stm32f10x_hd_vl.s
      At line 222 in file ..\..\FWLIB\startup_stm32f10x_hd_vl.s

DMA1_Channel6_IRQHandler 0000001A

Symbol: DMA1_Channel6_IRQHandler
   Definitions
      At line 277 in file ..\..\FWLIB\startup_stm32f10x_hd_vl.s
   Uses
      At line 99 in file ..\..\FWLIB\startup_stm32f10x_hd_vl.s
      At line 223 in file ..\..\FWLIB\startup_stm32f10x_hd_vl.s

DMA1_Channel7_IRQHandler 0000001A

Symbol: DMA1_Channel7_IRQHandler
   Definitions
      At line 278 in file ..\..\FWLIB\startup_stm32f10x_hd_vl.s
   Uses
      At line 100 in file ..\..\FWLIB\startup_stm32f10x_hd_vl.s
      At line 224 in file ..\..\FWLIB\startup_stm32f10x_hd_vl.s

DMA2_Channel1_IRQHandler 0000001A

Symbol: DMA2_Channel1_IRQHandler
   Definitions
      At line 309 in file ..\..\FWLIB\startup_stm32f10x_hd_vl.s
   Uses
      At line 139 in file ..\..\FWLIB\startup_stm32f10x_hd_vl.s
      At line 255 in file ..\..\FWLIB\startup_stm32f10x_hd_vl.s

DMA2_Channel2_IRQHandler 0000001A

Symbol: DMA2_Channel2_IRQHandler
   Definitions
      At line 310 in file ..\..\FWLIB\startup_stm32f10x_hd_vl.s
   Uses
      At line 140 in file ..\..\FWLIB\startup_stm32f10x_hd_vl.s
      At line 256 in file ..\..\FWLIB\startup_stm32f10x_hd_vl.s

DMA2_Channel3_IRQHandler 0000001A




ARM Macro Assembler    Page 3 Alphabetic symbol ordering
Relocatable symbols

Symbol: DMA2_Channel3_IRQHandler
   Definitions
      At line 311 in file ..\..\FWLIB\startup_stm32f10x_hd_vl.s
   Uses
      At line 141 in file ..\..\FWLIB\startup_stm32f10x_hd_vl.s
      At line 257 in file ..\..\FWLIB\startup_stm32f10x_hd_vl.s

DMA2_Channel4_5_IRQHandler 0000001A

Symbol: DMA2_Channel4_5_IRQHandler
   Definitions
      At line 312 in file ..\..\FWLIB\startup_stm32f10x_hd_vl.s
   Uses
      At line 142 in file ..\..\FWLIB\startup_stm32f10x_hd_vl.s
      At line 258 in file ..\..\FWLIB\startup_stm32f10x_hd_vl.s

DMA2_Channel5_IRQHandler 0000001A

Symbol: DMA2_Channel5_IRQHandler
   Definitions
      At line 313 in file ..\..\FWLIB\startup_stm32f10x_hd_vl.s
   Uses
      At line 143 in file ..\..\FWLIB\startup_stm32f10x_hd_vl.s
      At line 259 in file ..\..\FWLIB\startup_stm32f10x_hd_vl.s

DebugMon_Handler 00000014

Symbol: DebugMon_Handler
   Definitions
      At line 192 in file ..\..\FWLIB\startup_stm32f10x_hd_vl.s
   Uses
      At line 77 in file ..\..\FWLIB\startup_stm32f10x_hd_vl.s
      At line 193 in file ..\..\FWLIB\startup_stm32f10x_hd_vl.s

Default_Handler 0000001A

Symbol: Default_Handler
   Definitions
      At line 205 in file ..\..\FWLIB\startup_stm32f10x_hd_vl.s
   Uses
      None
Comment: Default_Handler unused
EXTI0_IRQHandler 0000001A

Symbol: EXTI0_IRQHandler
   Definitions
      At line 267 in file ..\..\FWLIB\startup_stm32f10x_hd_vl.s
   Uses
      At line 89 in file ..\..\FWLIB\startup_stm32f10x_hd_vl.s
      At line 213 in file ..\..\FWLIB\startup_stm32f10x_hd_vl.s

EXTI15_10_IRQHandler 0000001A

Symbol: EXTI15_10_IRQHandler
   Definitions
      At line 297 in file ..\..\FWLIB\startup_stm32f10x_hd_vl.s
   Uses
      At line 123 in file ..\..\FWLIB\startup_stm32f10x_hd_vl.s
      At line 243 in file ..\..\FWLIB\startup_stm32f10x_hd_vl.s



ARM Macro Assembler    Page 4 Alphabetic symbol ordering
Relocatable symbols


EXTI1_IRQHandler 0000001A

Symbol: EXTI1_IRQHandler
   Definitions
      At line 268 in file ..\..\FWLIB\startup_stm32f10x_hd_vl.s
   Uses
      At line 90 in file ..\..\FWLIB\startup_stm32f10x_hd_vl.s
      At line 214 in file ..\..\FWLIB\startup_stm32f10x_hd_vl.s

EXTI2_IRQHandler 0000001A

Symbol: EXTI2_IRQHandler
   Definitions
      At line 269 in file ..\..\FWLIB\startup_stm32f10x_hd_vl.s
   Uses
      At line 91 in file ..\..\FWLIB\startup_stm32f10x_hd_vl.s
      At line 215 in file ..\..\FWLIB\startup_stm32f10x_hd_vl.s

EXTI3_IRQHandler 0000001A

Symbol: EXTI3_IRQHandler
   Definitions
      At line 270 in file ..\..\FWLIB\startup_stm32f10x_hd_vl.s
   Uses
      At line 92 in file ..\..\FWLIB\startup_stm32f10x_hd_vl.s
      At line 216 in file ..\..\FWLIB\startup_stm32f10x_hd_vl.s

EXTI4_IRQHandler 0000001A

Symbol: EXTI4_IRQHandler
   Definitions
      At line 271 in file ..\..\FWLIB\startup_stm32f10x_hd_vl.s
   Uses
      At line 93 in file ..\..\FWLIB\startup_stm32f10x_hd_vl.s
      At line 217 in file ..\..\FWLIB\startup_stm32f10x_hd_vl.s

EXTI9_5_IRQHandler 0000001A

Symbol: EXTI9_5_IRQHandler
   Definitions
      At line 280 in file ..\..\FWLIB\startup_stm32f10x_hd_vl.s
   Uses
      At line 106 in file ..\..\FWLIB\startup_stm32f10x_hd_vl.s
      At line 226 in file ..\..\FWLIB\startup_stm32f10x_hd_vl.s

FLASH_IRQHandler 0000001A

Symbol: FLASH_IRQHandler
   Definitions
      At line 265 in file ..\..\FWLIB\startup_stm32f10x_hd_vl.s
   Uses
      At line 87 in file ..\..\FWLIB\startup_stm32f10x_hd_vl.s
      At line 211 in file ..\..\FWLIB\startup_stm32f10x_hd_vl.s

HardFault_Handler 0000000A

Symbol: HardFault_Handler
   Definitions



ARM Macro Assembler    Page 5 Alphabetic symbol ordering
Relocatable symbols

      At line 168 in file ..\..\FWLIB\startup_stm32f10x_hd_vl.s
   Uses
      At line 68 in file ..\..\FWLIB\startup_stm32f10x_hd_vl.s
      At line 169 in file ..\..\FWLIB\startup_stm32f10x_hd_vl.s

I2C1_ER_IRQHandler 0000001A

Symbol: I2C1_ER_IRQHandler
   Definitions
      At line 289 in file ..\..\FWLIB\startup_stm32f10x_hd_vl.s
   Uses
      At line 115 in file ..\..\FWLIB\startup_stm32f10x_hd_vl.s
      At line 235 in file ..\..\FWLIB\startup_stm32f10x_hd_vl.s

I2C1_EV_IRQHandler 0000001A

Symbol: I2C1_EV_IRQHandler
   Definitions
      At line 288 in file ..\..\FWLIB\startup_stm32f10x_hd_vl.s
   Uses
      At line 114 in file ..\..\FWLIB\startup_stm32f10x_hd_vl.s
      At line 234 in file ..\..\FWLIB\startup_stm32f10x_hd_vl.s

I2C2_ER_IRQHandler 0000001A

Symbol: I2C2_ER_IRQHandler
   Definitions
      At line 291 in file ..\..\FWLIB\startup_stm32f10x_hd_vl.s
   Uses
      At line 117 in file ..\..\FWLIB\startup_stm32f10x_hd_vl.s
      At line 237 in file ..\..\FWLIB\startup_stm32f10x_hd_vl.s

I2C2_EV_IRQHandler 0000001A

Symbol: I2C2_EV_IRQHandler
   Definitions
      At line 290 in file ..\..\FWLIB\startup_stm32f10x_hd_vl.s
   Uses
      At line 116 in file ..\..\FWLIB\startup_stm32f10x_hd_vl.s
      At line 236 in file ..\..\FWLIB\startup_stm32f10x_hd_vl.s

MemManage_Handler 0000000C

Symbol: MemManage_Handler
   Definitions
      At line 173 in file ..\..\FWLIB\startup_stm32f10x_hd_vl.s
   Uses
      At line 69 in file ..\..\FWLIB\startup_stm32f10x_hd_vl.s
      At line 174 in file ..\..\FWLIB\startup_stm32f10x_hd_vl.s

NMI_Handler 00000008

Symbol: NMI_Handler
   Definitions
      At line 163 in file ..\..\FWLIB\startup_stm32f10x_hd_vl.s
   Uses
      At line 67 in file ..\..\FWLIB\startup_stm32f10x_hd_vl.s
      At line 164 in file ..\..\FWLIB\startup_stm32f10x_hd_vl.s




ARM Macro Assembler    Page 6 Alphabetic symbol ordering
Relocatable symbols

PVD_IRQHandler 0000001A

Symbol: PVD_IRQHandler
   Definitions
      At line 262 in file ..\..\FWLIB\startup_stm32f10x_hd_vl.s
   Uses
      At line 84 in file ..\..\FWLIB\startup_stm32f10x_hd_vl.s
      At line 208 in file ..\..\FWLIB\startup_stm32f10x_hd_vl.s

PendSV_Handler 00000016

Symbol: PendSV_Handler
   Definitions
      At line 196 in file ..\..\FWLIB\startup_stm32f10x_hd_vl.s
   Uses
      At line 79 in file ..\..\FWLIB\startup_stm32f10x_hd_vl.s
      At line 197 in file ..\..\FWLIB\startup_stm32f10x_hd_vl.s

RCC_IRQHandler 0000001A

Symbol: RCC_IRQHandler
   Definitions
      At line 266 in file ..\..\FWLIB\startup_stm32f10x_hd_vl.s
   Uses
      At line 88 in file ..\..\FWLIB\startup_stm32f10x_hd_vl.s
      At line 212 in file ..\..\FWLIB\startup_stm32f10x_hd_vl.s

RTCAlarm_IRQHandler 0000001A

Symbol: RTCAlarm_IRQHandler
   Definitions
      At line 298 in file ..\..\FWLIB\startup_stm32f10x_hd_vl.s
   Uses
      At line 124 in file ..\..\FWLIB\startup_stm32f10x_hd_vl.s
      At line 244 in file ..\..\FWLIB\startup_stm32f10x_hd_vl.s

RTC_IRQHandler 0000001A

Symbol: RTC_IRQHandler
   Definitions
      At line 264 in file ..\..\FWLIB\startup_stm32f10x_hd_vl.s
   Uses
      At line 86 in file ..\..\FWLIB\startup_stm32f10x_hd_vl.s
      At line 210 in file ..\..\FWLIB\startup_stm32f10x_hd_vl.s

Reset_Handler 00000000

Symbol: Reset_Handler
   Definitions
      At line 151 in file ..\..\FWLIB\startup_stm32f10x_hd_vl.s
   Uses
      At line 66 in file ..\..\FWLIB\startup_stm32f10x_hd_vl.s
      At line 152 in file ..\..\FWLIB\startup_stm32f10x_hd_vl.s

SPI1_IRQHandler 0000001A

Symbol: SPI1_IRQHandler
   Definitions
      At line 292 in file ..\..\FWLIB\startup_stm32f10x_hd_vl.s



ARM Macro Assembler    Page 7 Alphabetic symbol ordering
Relocatable symbols

   Uses
      At line 118 in file ..\..\FWLIB\startup_stm32f10x_hd_vl.s
      At line 238 in file ..\..\FWLIB\startup_stm32f10x_hd_vl.s

SPI2_IRQHandler 0000001A

Symbol: SPI2_IRQHandler
   Definitions
      At line 293 in file ..\..\FWLIB\startup_stm32f10x_hd_vl.s
   Uses
      At line 119 in file ..\..\FWLIB\startup_stm32f10x_hd_vl.s
      At line 239 in file ..\..\FWLIB\startup_stm32f10x_hd_vl.s

SPI3_IRQHandler 0000001A

Symbol: SPI3_IRQHandler
   Definitions
      At line 304 in file ..\..\FWLIB\startup_stm32f10x_hd_vl.s
   Uses
      At line 134 in file ..\..\FWLIB\startup_stm32f10x_hd_vl.s
      At line 250 in file ..\..\FWLIB\startup_stm32f10x_hd_vl.s

SVC_Handler 00000012

Symbol: SVC_Handler
   Definitions
      At line 187 in file ..\..\FWLIB\startup_stm32f10x_hd_vl.s
   Uses
      At line 76 in file ..\..\FWLIB\startup_stm32f10x_hd_vl.s
      At line 188 in file ..\..\FWLIB\startup_stm32f10x_hd_vl.s

SysTick_Handler 00000018

Symbol: SysTick_Handler
   Definitions
      At line 200 in file ..\..\FWLIB\startup_stm32f10x_hd_vl.s
   Uses
      At line 80 in file ..\..\FWLIB\startup_stm32f10x_hd_vl.s
      At line 201 in file ..\..\FWLIB\startup_stm32f10x_hd_vl.s

TAMPER_IRQHandler 0000001A

Symbol: TAMPER_IRQHandler
   Definitions
      At line 263 in file ..\..\FWLIB\startup_stm32f10x_hd_vl.s
   Uses
      At line 85 in file ..\..\FWLIB\startup_stm32f10x_hd_vl.s
      At line 209 in file ..\..\FWLIB\startup_stm32f10x_hd_vl.s

TIM12_IRQHandler 0000001A

Symbol: TIM12_IRQHandler
   Definitions
      At line 300 in file ..\..\FWLIB\startup_stm32f10x_hd_vl.s
   Uses
      At line 126 in file ..\..\FWLIB\startup_stm32f10x_hd_vl.s
      At line 246 in file ..\..\FWLIB\startup_stm32f10x_hd_vl.s

TIM13_IRQHandler 0000001A



ARM Macro Assembler    Page 8 Alphabetic symbol ordering
Relocatable symbols


Symbol: TIM13_IRQHandler
   Definitions
      At line 301 in file ..\..\FWLIB\startup_stm32f10x_hd_vl.s
   Uses
      At line 127 in file ..\..\FWLIB\startup_stm32f10x_hd_vl.s
      At line 247 in file ..\..\FWLIB\startup_stm32f10x_hd_vl.s

TIM14_IRQHandler 0000001A

Symbol: TIM14_IRQHandler
   Definitions
      At line 302 in file ..\..\FWLIB\startup_stm32f10x_hd_vl.s
   Uses
      At line 128 in file ..\..\FWLIB\startup_stm32f10x_hd_vl.s
      At line 248 in file ..\..\FWLIB\startup_stm32f10x_hd_vl.s

TIM1_BRK_TIM15_IRQHandler 0000001A

Symbol: TIM1_BRK_TIM15_IRQHandler
   Definitions
      At line 281 in file ..\..\FWLIB\startup_stm32f10x_hd_vl.s
   Uses
      At line 107 in file ..\..\FWLIB\startup_stm32f10x_hd_vl.s
      At line 227 in file ..\..\FWLIB\startup_stm32f10x_hd_vl.s

TIM1_CC_IRQHandler 0000001A

Symbol: TIM1_CC_IRQHandler
   Definitions
      At line 284 in file ..\..\FWLIB\startup_stm32f10x_hd_vl.s
   Uses
      At line 110 in file ..\..\FWLIB\startup_stm32f10x_hd_vl.s
      At line 230 in file ..\..\FWLIB\startup_stm32f10x_hd_vl.s

TIM1_TRG_COM_TIM17_IRQHandler 0000001A

Symbol: TIM1_TRG_COM_TIM17_IRQHandler
   Definitions
      At line 283 in file ..\..\FWLIB\startup_stm32f10x_hd_vl.s
   Uses
      At line 109 in file ..\..\FWLIB\startup_stm32f10x_hd_vl.s
      At line 229 in file ..\..\FWLIB\startup_stm32f10x_hd_vl.s

TIM1_UP_TIM16_IRQHandler 0000001A

Symbol: TIM1_UP_TIM16_IRQHandler
   Definitions
      At line 282 in file ..\..\FWLIB\startup_stm32f10x_hd_vl.s
   Uses
      At line 108 in file ..\..\FWLIB\startup_stm32f10x_hd_vl.s
      At line 228 in file ..\..\FWLIB\startup_stm32f10x_hd_vl.s

TIM2_IRQHandler 0000001A

Symbol: TIM2_IRQHandler
   Definitions
      At line 285 in file ..\..\FWLIB\startup_stm32f10x_hd_vl.s
   Uses



ARM Macro Assembler    Page 9 Alphabetic symbol ordering
Relocatable symbols

      At line 111 in file ..\..\FWLIB\startup_stm32f10x_hd_vl.s
      At line 231 in file ..\..\FWLIB\startup_stm32f10x_hd_vl.s

TIM3_IRQHandler 0000001A

Symbol: TIM3_IRQHandler
   Definitions
      At line 286 in file ..\..\FWLIB\startup_stm32f10x_hd_vl.s
   Uses
      At line 112 in file ..\..\FWLIB\startup_stm32f10x_hd_vl.s
      At line 232 in file ..\..\FWLIB\startup_stm32f10x_hd_vl.s

TIM4_IRQHandler 0000001A

Symbol: TIM4_IRQHandler
   Definitions
      At line 287 in file ..\..\FWLIB\startup_stm32f10x_hd_vl.s
   Uses
      At line 113 in file ..\..\FWLIB\startup_stm32f10x_hd_vl.s
      At line 233 in file ..\..\FWLIB\startup_stm32f10x_hd_vl.s

TIM5_IRQHandler 0000001A

Symbol: TIM5_IRQHandler
   Definitions
      At line 303 in file ..\..\FWLIB\startup_stm32f10x_hd_vl.s
   Uses
      At line 133 in file ..\..\FWLIB\startup_stm32f10x_hd_vl.s
      At line 249 in file ..\..\FWLIB\startup_stm32f10x_hd_vl.s

TIM6_DAC_IRQHandler 0000001A

Symbol: TIM6_DAC_IRQHandler
   Definitions
      At line 307 in file ..\..\FWLIB\startup_stm32f10x_hd_vl.s
   Uses
      At line 137 in file ..\..\FWLIB\startup_stm32f10x_hd_vl.s
      At line 253 in file ..\..\FWLIB\startup_stm32f10x_hd_vl.s

TIM7_IRQHandler 0000001A

Symbol: TIM7_IRQHandler
   Definitions
      At line 308 in file ..\..\FWLIB\startup_stm32f10x_hd_vl.s
   Uses
      At line 138 in file ..\..\FWLIB\startup_stm32f10x_hd_vl.s
      At line 254 in file ..\..\FWLIB\startup_stm32f10x_hd_vl.s

UART4_IRQHandler 0000001A

Symbol: UART4_IRQHandler
   Definitions
      At line 305 in file ..\..\FWLIB\startup_stm32f10x_hd_vl.s
   Uses
      At line 135 in file ..\..\FWLIB\startup_stm32f10x_hd_vl.s
      At line 251 in file ..\..\FWLIB\startup_stm32f10x_hd_vl.s

UART5_IRQHandler 0000001A




ARM Macro Assembler    Page 10 Alphabetic symbol ordering
Relocatable symbols

Symbol: UART5_IRQHandler
   Definitions
      At line 306 in file ..\..\FWLIB\startup_stm32f10x_hd_vl.s
   Uses
      At line 136 in file ..\..\FWLIB\startup_stm32f10x_hd_vl.s
      At line 252 in file ..\..\FWLIB\startup_stm32f10x_hd_vl.s

USART1_IRQHandler 0000001A

Symbol: USART1_IRQHandler
   Definitions
      At line 294 in file ..\..\FWLIB\startup_stm32f10x_hd_vl.s
   Uses
      At line 120 in file ..\..\FWLIB\startup_stm32f10x_hd_vl.s
      At line 240 in file ..\..\FWLIB\startup_stm32f10x_hd_vl.s

USART2_IRQHandler 0000001A

Symbol: USART2_IRQHandler
   Definitions
      At line 295 in file ..\..\FWLIB\startup_stm32f10x_hd_vl.s
   Uses
      At line 121 in file ..\..\FWLIB\startup_stm32f10x_hd_vl.s
      At line 241 in file ..\..\FWLIB\startup_stm32f10x_hd_vl.s

USART3_IRQHandler 0000001A

Symbol: USART3_IRQHandler
   Definitions
      At line 296 in file ..\..\FWLIB\startup_stm32f10x_hd_vl.s
   Uses
      At line 122 in file ..\..\FWLIB\startup_stm32f10x_hd_vl.s
      At line 242 in file ..\..\FWLIB\startup_stm32f10x_hd_vl.s

UsageFault_Handler 00000010

Symbol: UsageFault_Handler
   Definitions
      At line 183 in file ..\..\FWLIB\startup_stm32f10x_hd_vl.s
   Uses
      At line 71 in file ..\..\FWLIB\startup_stm32f10x_hd_vl.s
      At line 184 in file ..\..\FWLIB\startup_stm32f10x_hd_vl.s

WWDG_IRQHandler 0000001A

Symbol: WWDG_IRQHandler
   Definitions
      At line 261 in file ..\..\FWLIB\startup_stm32f10x_hd_vl.s
   Uses
      At line 83 in file ..\..\FWLIB\startup_stm32f10x_hd_vl.s
      At line 207 in file ..\..\FWLIB\startup_stm32f10x_hd_vl.s

__user_initial_stackheap 0000001C

Symbol: __user_initial_stackheap
   Definitions
      At line 334 in file ..\..\FWLIB\startup_stm32f10x_hd_vl.s
   Uses
      At line 332 in file ..\..\FWLIB\startup_stm32f10x_hd_vl.s



ARM Macro Assembler    Page 11 Alphabetic symbol ordering
Relocatable symbols

Comment: __user_initial_stackheap used once
66 symbols



ARM Macro Assembler    Page 1 Alphabetic symbol ordering
Absolute symbols

Heap_Size 00000200

Symbol: Heap_Size
   Definitions
      At line 48 in file ..\..\FWLIB\startup_stm32f10x_hd_vl.s
   Uses
      At line 52 in file ..\..\FWLIB\startup_stm32f10x_hd_vl.s
      At line 338 in file ..\..\FWLIB\startup_stm32f10x_hd_vl.s

Stack_Size 00000400

Symbol: Stack_Size
   Definitions
      At line 37 in file ..\..\FWLIB\startup_stm32f10x_hd_vl.s
   Uses
      At line 40 in file ..\..\FWLIB\startup_stm32f10x_hd_vl.s
      At line 337 in file ..\..\FWLIB\startup_stm32f10x_hd_vl.s

__Vectors_Size 00000134

Symbol: __Vectors_Size
   Definitions
      At line 146 in file ..\..\FWLIB\startup_stm32f10x_hd_vl.s
   Uses
      At line 63 in file ..\..\FWLIB\startup_stm32f10x_hd_vl.s
Comment: __Vectors_Size used once
3 symbols



ARM Macro Assembler    Page 1 Alphabetic symbol ordering
External symbols

SystemInit 00000000

Symbol: SystemInit
   Definitions
      At line 154 in file ..\..\FWLIB\startup_stm32f10x_hd_vl.s
   Uses
      At line 155 in file ..\..\FWLIB\startup_stm32f10x_hd_vl.s
Comment: SystemInit used once
__main 00000000

Symbol: __main
   Definitions
      At line 153 in file ..\..\FWLIB\startup_stm32f10x_hd_vl.s
   Uses
      At line 157 in file ..\..\FWLIB\startup_stm32f10x_hd_vl.s
Comment: __main used once
__use_two_region_memory 00000000

Symbol: __use_two_region_memory
   Definitions
      At line 331 in file ..\..\FWLIB\startup_stm32f10x_hd_vl.s
   Uses
      None
Comment: __use_two_region_memory unused
3 symbols
418 symbols in table
